2014/05/20 18:58:01 にビルドを開始しました。
     1>ノード 2 上のプロジェクト "C:\Users\a-koyama\Documents\Test\EmptyProject\EmptyProject_2010.vcxproj" (build ターゲット)。
     1>InitializeBuildStatus:
         "AlwaysCreate" が指定されたため "x64\Debug\Breakout.unsuccessfulbuild" を作成しています。
       ClCompile:
         すべての出力が最新のものです。
         C:\Program Files (x86)\Microsoft Visual Studio 10.0\VC\bin\x86_amd64\CL.exe /c /IDXUT\Core /IDXUT\Optional /I"C:\Users\a-koyama\Documents\Test\EmptyProject\Source" /I"C:\Users\a-koyama\Documents\Test\EmptyProject\Libs\x64" /Zi /nologo /W4 /WX- /Od /Oi /D WIN32 /D _DEBUG /D DEBUG /D PROFILE /D _WINDOWS /D D3DXFX_LARGEADDRESS_HANDLE /D _UNICODE /D UNICODE /Gm- /EHsc /RTC1 /MDd /GS /fp:fast /Zc:wchar_t /Zc:forScope /openmp- /Yu"DXUT.h" /Fp"x64\Debug\Breakout.pch" /Fo"x64\Debug\\" /Fd"x64\Debug\vc100.pdb" /Gd /TP /FIDXUT.h /errorReport:prompt Source\Ball.cpp Source\Item.cpp Source\Paddle.cpp Source\Stage1.cpp Source\Wall.cpp  
         Ball.cpp
     1>c:\users\a-koyama\documents\test\emptyproject\source\IRenderer.h(102): warning C4267: '引数' : 'size_t' から 'UINT' に変換しました。データが失われているかもしれません。
     1>c:\users\a-koyama\documents\test\emptyproject\source\IRenderer.h(104): warning C4267: '引数' : 'size_t' から 'UINT' に変換しました。データが失われているかもしれません。
         Item.cpp
     1>c:\users\a-koyama\documents\test\emptyproject\source\IRenderer.h(102): warning C4267: '引数' : 'size_t' から 'UINT' に変換しました。データが失われているかもしれません。
     1>c:\users\a-koyama\documents\test\emptyproject\source\IRenderer.h(104): warning C4267: '引数' : 'size_t' から 'UINT' に変換しました。データが失われているかもしれません。
         Paddle.cpp
     1>c:\users\a-koyama\documents\test\emptyproject\source\IRenderer.h(102): warning C4267: '引数' : 'size_t' から 'UINT' に変換しました。データが失われているかもしれません。
     1>c:\users\a-koyama\documents\test\emptyproject\source\IRenderer.h(104): warning C4267: '引数' : 'size_t' から 'UINT' に変換しました。データが失われているかもしれません。
         Stage1.cpp
     1>c:\users\a-koyama\documents\test\emptyproject\source\IRenderer.h(102): warning C4267: '引数' : 'size_t' から 'UINT' に変換しました。データが失われているかもしれません。
     1>c:\users\a-koyama\documents\test\emptyproject\source\IRenderer.h(104): warning C4267: '引数' : 'size_t' から 'UINT' に変換しました。データが失われているかもしれません。
         Wall.cpp
     1>c:\users\a-koyama\documents\test\emptyproject\source\IRenderer.h(102): warning C4267: '引数' : 'size_t' から 'UINT' に変換しました。データが失われているかもしれません。
     1>c:\users\a-koyama\documents\test\emptyproject\source\IRenderer.h(104): warning C4267: '引数' : 'size_t' から 'UINT' に変換しました。データが失われているかもしれません。
         Generating Code...
       ResourceCompile:
         すべての出力が最新のものです。
       ManifestResourceCompile:
         すべての出力が最新のものです。
       Link:
         C:\Program Files (x86)\Microsoft Visual Studio 10.0\VC\bin\x86_amd64\link.exe /ERRORREPORT:PROMPT /OUT:"C:\Users\a-koyama\Documents\Test\EmptyProject\x64\Debug\Breakout.exe" /INCREMENTAL /NOLOGO /LIBPATH:"C:\Users\a-koyama\Documents\Test\EmptyProject\Libs\x64" d3dx10d.lib d3dx9d.lib dxerr.lib dxguid.lib winmm.lib comctl32.lib kernel32.lib user32.lib gdi32.lib winspool.lib comdlg32.lib advapi32.lib shell32.lib ole32.lib oleaut32.lib uuid.lib odbc32.lib odbccp32.lib /MANIFEST /ManifestFile:"x64\Debug\Breakout.exe.intermediate.manifest" /MANIFESTUAC:"level='asInvoker' uiAccess='false'" /DEBUG /PDB:"C:\Users\a-koyama\Documents\Test\EmptyProject\x64\Debug\Breakout.pdb" /SUBSYSTEM:WINDOWS /LARGEADDRESSAWARE /TLBID:1 /DYNAMICBASE /NXCOMPAT /IMPLIB:"C:\Users\a-koyama\Documents\Test\EmptyProject\x64\Debug\Breakout.lib" /MACHINE:X64 x64\Debug\EmptyProject.res
         x64\Debug\Breakout.exe.embed.manifest.res
         x64\Debug\AutoPerformance.obj
         x64\Debug\Ball.obj
         x64\Debug\Block.obj
         x64\Debug\BlockSystem.obj
         x64\Debug\BoxFactory.obj
         x64\Debug\CollisionBox.obj
         x64\Debug\CollisionManager.obj
         x64\Debug\CollisionSphere.obj
         x64\Debug\Colors.obj
         x64\Debug\CSVReader.obj
         x64\Debug\DebugUtill.obj
         x64\Debug\GameObject.obj
         x64\Debug\GraphicsManager.obj
         x64\Debug\ICollisionObject.obj
         x64\Debug\INode.obj
         x64\Debug\InputKeyboard.obj
         x64\Debug\Item.obj
         x64\Debug\ItemSystem.obj
         x64\Debug\Loading.obj
         x64\Debug\MyMath.obj
         x64\Debug\Paddle.obj
         x64\Debug\Result.obj
         x64\Debug\RootNode.obj
         x64\Debug\SceneNode.obj
         x64\Debug\SoundManager.obj
         x64\Debug\Spectrum.obj
         x64\Debug\SphereFactory.obj
         x64\Debug\SquareFactory.obj
         x64\Debug\Stage1.obj
         x64\Debug\Stage2.obj
         x64\Debug\Stage3.obj
         x64\Debug\Title.obj
         x64\Debug\TriangleRenderer.obj
         x64\Debug\UseFixed.obj
         x64\Debug\Wall.obj
         x64\Debug\WindowPolygonRenderer.obj
         x64\Debug\DXUT.obj
         x64\Debug\DXUTenum.obj
         x64\Debug\DXUTmisc.obj
         x64\Debug\DXUTcamera.obj
         x64\Debug\DXUTgui.obj
         x64\Debug\DXUTres.obj
         x64\Debug\DXUTsettingsdlg.obj
         x64\Debug\SDKmesh.obj
         x64\Debug\SDKmisc.obj
         x64\Debug\Main.obj  
         EmptyProject_2010.vcxproj -> C:\Users\a-koyama\Documents\Test\EmptyProject\x64\Debug\Breakout.exe
       Manifest:
         c:\Program Files (x86)\Microsoft SDKs\Windows\v7.0A\bin\mt.exe /nologo /verbose /out:"x64\Debug\Breakout.exe.embed.manifest" /manifest x64\Debug\Breakout.exe.intermediate.manifest "C:\Program Files (x86)\Microsoft Visual Studio 10.0\VC\Include\Manifest\dpiaware.manifest"
         すべての出力が最新のものです。
       LinkEmbedManifest:
         すべての出力が最新のものです。
         EmptyProject_2010.vcxproj -> C:\Users\a-koyama\Documents\Test\EmptyProject\x64\Debug\Breakout.exe
       FinalizeBuildStatus:
         ファイル "x64\Debug\Breakout.unsuccessfulbuild" を削除しています。
         "x64\Debug\Breakout.lastbuildstate" のタッチ タスクを実行しています。
     1>プロジェクト "C:\Users\a-koyama\Documents\Test\EmptyProject\EmptyProject_2010.vcxproj" (build ターゲット) のビルドが完了しました。

ビルドに成功しました。

経過時間 00:00:01.92
